nohup: ignoring input
Starting project at /workspaces/Entradas_de_teatro/baco-teatro-app
Starting Metro Bundler
The following packages should be updated for best compatibility with the installed expo version:
  expo-camera@17.0.9 - expected version: ~16.0.18
Your project may not work correctly until you install the expected versions of the packages.
Waiting on http://localhost:8081
Logs for your project will appear below.
Web Bundling failed 1293ms node_modules/expo/AppEntry.js (698 modules)
Unable to resolve "qrcode" from "screens/actor/ActorStockScreen.js"
Web Bundling failed 560ms node_modules/expo/AppEntry.js (770 modules)
Unable to resolve "qrcode" from "screens/actor/ActorStockScreen.js"
Web Bundling failed 504ms node_modules/expo/AppEntry.js (663 modules)
Unable to resolve "qrcode" from "screens/actor/ActorStockScreen.js"
Web Bundling failed 557ms node_modules/expo/AppEntry.js (792 modules)
Unable to resolve "qrcode" from "screens/actor/ActorStockScreen.js"
Web Bundling failed 1076ms node_modules/expo/AppEntry.js (771 modules)
Unable to resolve "qrcode" from "screens/actor/ActorStockScreen.js"
Web Bundling failed 1085ms node_modules/expo/AppEntry.js (756 modules)
Unable to resolve "qrcode" from "screens/actor/ActorStockScreen.js"
Web Bundling failed 361ms node_modules/expo/AppEntry.js (687 modules)
Unable to resolve "qrcode" from "screens/actor/ActorStockScreen.js"
Web Bundling failed 481ms node_modules/expo/AppEntry.js (663 modules)
Unable to resolve "qrcode" from "screens/actor/ActorStockScreen.js"
Web Bundling failed 356ms node_modules/expo/AppEntry.js (785 modules)
Unable to resolve "qrcode" from "screens/actor/ActorStockScreen.js"
Web Bundling failed 1388ms node_modules/expo/AppEntry.js (732 modules)
Unable to resolve "qrcode" from "screens/actor/ActorStockScreen.js"
Killed
